<?xml version="1.0" encoding="UTF-8"?>
<!-- Generated by org.testng.reporters.JUnitReportReporter -->
<testsuite hostname="HANWKS0516" failures="0" tests="1" name="Test.PS1" time="0.008" errors="0" timestamp="2024-06-10T09:20:23 ICT" skipped="0">
  <testcase classname="Test.PS1" name="TestRun" time="0.008"/>
  <system-out/>
</testsuite> <!-- Test.PS1 -->
